[2025-09-16T21:24:55.443+0000] {taskinstance.py:1103} INFO - Dependencies all met for dep_context=non-requeueable deps ti=<TaskInstance: dds_to_clickhouse.load_campaign_performance manual__2025-09-16T20:23:59.187198+00:00 [queued]>
[2025-09-16T21:24:55.503+0000] {taskinstance.py:1103} INFO - Dependencies all met for dep_context=requeueable deps ti=<TaskInstance: dds_to_clickhouse.load_campaign_performance manual__2025-09-16T20:23:59.187198+00:00 [queued]>
[2025-09-16T21:24:55.505+0000] {taskinstance.py:1308} INFO - Starting attempt 1 of 2
[2025-09-16T21:24:55.622+0000] {taskinstance.py:1327} INFO - Executing <Task(PythonOperator): load_campaign_performance> on 2025-09-16 20:23:59.187198+00:00
[2025-09-16T21:24:55.741+0000] {standard_task_runner.py:57} INFO - Started process 7637 to run task
[2025-09-16T21:24:55.760+0000] {standard_task_runner.py:84} INFO - Running: ['***', 'tasks', 'run', 'dds_to_clickhouse', 'load_campaign_performance', 'manual__2025-09-16T20:23:59.187198+00:00', '--job-id', '897', '--raw', '--subdir', 'DAGS_FOLDER/dds_to_clickhouse.py', '--cfg-path', '/tmp/tmpw949yprt']
[2025-09-16T21:24:55.768+0000] {standard_task_runner.py:85} INFO - Job 897: Subtask load_campaign_performance
[2025-09-16T21:24:56.000+0000] {logging_mixin.py:150} WARNING - /home/***/.local/lib/python3.7/site-packages/***/settings.py:195 DeprecationWarning: The sql_alchemy_conn option in [core] has been moved to the sql_alchemy_conn option in [database] - the old setting has been used, but please update your config.
[2025-09-16T21:24:56.841+0000] {task_command.py:410} INFO - Running <TaskInstance: dds_to_clickhouse.load_campaign_performance manual__2025-09-16T20:23:59.187198+00:00 [running]> on host d6e2a7c8b3ee
[2025-09-16T21:24:57.677+0000] {taskinstance.py:1547} INFO - Exporting env vars: AIRFLOW_CTX_DAG_OWNER='***' AIRFLOW_CTX_DAG_ID='dds_to_clickhouse' AIRFLOW_CTX_TASK_ID='load_campaign_performance' AIRFLOW_CTX_EXECUTION_DATE='2025-09-16T20:23:59.187198+00:00' AIRFLOW_CTX_TRY_NUMBER='1' AIRFLOW_CTX_DAG_RUN_ID='manual__2025-09-16T20:23:59.187198+00:00'
[2025-09-16T21:24:58.338+0000] {ch_utils.py:101} ERROR - ❌ Ошибка при переносе данных в campaign_performance: Code: 53. Type mismatch in VALUES section. Repeat query with types_check=True for detailed info. Column cost: required argument is not a float
[2025-09-16T21:24:58.340+0000] {taskinstance.py:1824} ERROR - Task failed with exception
Traceback (most recent call last):
  File "/home/airflow/.local/lib/python3.7/site-packages/clickhouse_driver/columns/base.py", line 203, in write_items
    buf.write(s.pack(*items))
struct.error: required argument is not a float

During handling of the above exception, another exception occurred:

Traceback (most recent call last):
  File "/home/airflow/.local/lib/python3.7/site-packages/clickhouse_driver/columns/service.py", line 167, in write_column
    column.write_data(items, buf)
  File "/home/airflow/.local/lib/python3.7/site-packages/clickhouse_driver/columns/base.py", line 145, in write_data
    self._write_data(items, buf)
  File "/home/airflow/.local/lib/python3.7/site-packages/clickhouse_driver/columns/base.py", line 149, in _write_data
    self.write_items(prepared, buf)
  File "/home/airflow/.local/lib/python3.7/site-packages/clickhouse_driver/columns/base.py", line 206, in write_items
    raise exceptions.StructPackException(e)
clickhouse_driver.columns.exceptions.StructPackException: required argument is not a float

During handling of the above exception, another exception occurred:

Traceback (most recent call last):
  File "/home/airflow/.local/lib/python3.7/site-packages/airflow/operators/python.py", line 181, in execute
    return_value = self.execute_callable()
  File "/home/airflow/.local/lib/python3.7/site-packages/airflow/operators/python.py", line 198, in execute_callable
    return self.python_callable(*self.op_args, **self.op_kwargs)
  File "/opt/airflow/dags/ch_utils.py", line 95, in transfer_table
    client.execute(insert_query, batch)
  File "/home/airflow/.local/lib/python3.7/site-packages/clickhouse_driver/client.py", line 379, in execute
    columnar=columnar
  File "/home/airflow/.local/lib/python3.7/site-packages/clickhouse_driver/client.py", line 608, in process_insert_query
    types_check=types_check, columnar=columnar)
  File "/home/airflow/.local/lib/python3.7/site-packages/clickhouse_driver/client.py", line 660, in send_data
    self.connection.send_data(block)
  File "/home/airflow/.local/lib/python3.7/site-packages/clickhouse_driver/connection.py", line 688, in send_data
    self.block_out.write(block)
  File "/home/airflow/.local/lib/python3.7/site-packages/clickhouse_driver/streams/native.py", line 49, in write
    self.fout, types_check=block.types_check)
  File "/home/airflow/.local/lib/python3.7/site-packages/clickhouse_driver/columns/service.py", line 183, in write_column
    column_name, str(error)
clickhouse_driver.errors.TypeMismatchError: Code: 53. Type mismatch in VALUES section. Repeat query with types_check=True for detailed info. Column cost: required argument is not a float
[2025-09-16T21:24:58.459+0000] {taskinstance.py:1350} INFO - Marking task as UP_FOR_RETRY. dag_id=dds_to_clickhouse, task_id=load_campaign_performance, execution_date=20250916T202359, start_date=20250916T212455, end_date=20250916T212458
[2025-09-16T21:24:58.539+0000] {standard_task_runner.py:109} ERROR - Failed to execute job 897 for task load_campaign_performance (Code: 53. Type mismatch in VALUES section. Repeat query with types_check=True for detailed info. Column cost: required argument is not a float; 7637)
[2025-09-16T21:24:58.573+0000] {local_task_job_runner.py:225} INFO - Task exited with return code 1
[2025-09-16T21:24:58.709+0000] {taskinstance.py:2653} INFO - 0 downstream tasks scheduled from follow-on schedule check
