[2025-09-14T19:36:09.165+0000] {taskinstance.py:1103} INFO - Dependencies all met for dep_context=non-requeueable deps ti=<TaskInstance: raw_to_dds_enhanced.load_orders manual__2025-09-14T19:33:26.363734+00:00 [queued]>
[2025-09-14T19:36:09.236+0000] {taskinstance.py:1103} INFO - Dependencies all met for dep_context=requeueable deps ti=<TaskInstance: raw_to_dds_enhanced.load_orders manual__2025-09-14T19:33:26.363734+00:00 [queued]>
[2025-09-14T19:36:09.237+0000] {taskinstance.py:1308} INFO - Starting attempt 2 of 4
[2025-09-14T19:36:09.352+0000] {taskinstance.py:1327} INFO - Executing <Task(PythonOperator): load_orders> on 2025-09-14 19:33:26.363734+00:00
[2025-09-14T19:36:09.607+0000] {standard_task_runner.py:57} INFO - Started process 10919 to run task
[2025-09-14T19:36:09.728+0000] {standard_task_runner.py:84} INFO - Running: ['***', 'tasks', 'run', 'raw_to_dds_enhanced', 'load_orders', 'manual__2025-09-14T19:33:26.363734+00:00', '--job-id', '210', '--raw', '--subdir', 'DAGS_FOLDER/raw_to_dds.py', '--cfg-path', '/tmp/tmpm9i9myfs']
[2025-09-14T19:36:09.874+0000] {standard_task_runner.py:85} INFO - Job 210: Subtask load_orders
[2025-09-14T19:36:10.378+0000] {logging_mixin.py:150} WARNING - /home/***/.local/lib/python3.7/site-packages/***/settings.py:195 DeprecationWarning: The sql_alchemy_conn option in [core] has been moved to the sql_alchemy_conn option in [database] - the old setting has been used, but please update your config.
[2025-09-14T19:36:10.937+0000] {task_command.py:410} INFO - Running <TaskInstance: raw_to_dds_enhanced.load_orders manual__2025-09-14T19:33:26.363734+00:00 [running]> on host 3deaa5b4a23c
[2025-09-14T19:36:11.343+0000] {taskinstance.py:1547} INFO - Exporting env vars: AIRFLOW_CTX_DAG_OWNER='***' AIRFLOW_CTX_DAG_ID='raw_to_dds_enhanced' AIRFLOW_CTX_TASK_ID='load_orders' AIRFLOW_CTX_EXECUTION_DATE='2025-09-14T19:33:26.363734+00:00' AIRFLOW_CTX_TRY_NUMBER='2' AIRFLOW_CTX_DAG_RUN_ID='manual__2025-09-14T19:33:26.363734+00:00'
[2025-09-14T19:36:11.556+0000] {taskinstance.py:1824} ERROR - Task failed with exception
Traceback (most recent call last):
  File "/home/airflow/.local/lib/python3.7/site-packages/sqlalchemy/engine/base.py", line 1911, in _execute_context
    cursor, statement, parameters, context
  File "/home/airflow/.local/lib/python3.7/site-packages/sqlalchemy/engine/default.py", line 736, in do_execute
    cursor.execute(statement, parameters)
psycopg2.ProgrammingError: can't adapt type 'numpy.int64'

The above exception was the direct cause of the following exception:

Traceback (most recent call last):
  File "/home/airflow/.local/lib/python3.7/site-packages/airflow/operators/python.py", line 181, in execute
    return_value = self.execute_callable()
  File "/home/airflow/.local/lib/python3.7/site-packages/airflow/operators/python.py", line 198, in execute_callable
    return self.python_callable(*self.op_args, **self.op_kwargs)
  File "/opt/airflow/dags/raw_to_dds.py", line 174, in load_orders_from_events
    conn, params=(tuple(missing_users),))['user_id'].tolist()
  File "/home/airflow/.local/lib/python3.7/site-packages/pandas/io/sql.py", line 634, in read_sql
    chunksize=chunksize,
  File "/home/airflow/.local/lib/python3.7/site-packages/pandas/io/sql.py", line 1579, in read_query
    result = self.execute(*args)
  File "/home/airflow/.local/lib/python3.7/site-packages/pandas/io/sql.py", line 1424, in execute
    return self.connectable.execution_options().execute(*args, **kwargs)
  File "/home/airflow/.local/lib/python3.7/site-packages/sqlalchemy/engine/base.py", line 1375, in execute
    future=False,
  File "/home/airflow/.local/lib/python3.7/site-packages/sqlalchemy/engine/base.py", line 1681, in _exec_driver_sql
    distilled_parameters,
  File "/home/airflow/.local/lib/python3.7/site-packages/sqlalchemy/engine/base.py", line 1954, in _execute_context
    e, statement, parameters, cursor, context
  File "/home/airflow/.local/lib/python3.7/site-packages/sqlalchemy/engine/base.py", line 2135, in _handle_dbapi_exception
    sqlalchemy_exception, with_traceback=exc_info[2], from_=e
  File "/home/airflow/.local/lib/python3.7/site-packages/sqlalchemy/util/compat.py", line 211, in raise_
    raise exception
  File "/home/airflow/.local/lib/python3.7/site-packages/sqlalchemy/engine/base.py", line 1911, in _execute_context
    cursor, statement, parameters, context
  File "/home/airflow/.local/lib/python3.7/site-packages/sqlalchemy/engine/default.py", line 736, in do_execute
    cursor.execute(statement, parameters)
sqlalchemy.exc.ProgrammingError: (psycopg2.ProgrammingError) can't adapt type 'numpy.int64'
[SQL: SELECT user_id FROM dds.users WHERE user_id IN %s]
[parameters: (2208, 1889, 2178, 4738, 1280, 3850, 2096, 3893, 4567, 3709)]
(Background on this error at: https://sqlalche.me/e/14/f405)
[2025-09-14T19:36:11.644+0000] {taskinstance.py:1350} INFO - Marking task as UP_FOR_RETRY. dag_id=raw_to_dds_enhanced, task_id=load_orders, execution_date=20250914T193326, start_date=20250914T193609, end_date=20250914T193611
[2025-09-14T19:36:11.691+0000] {standard_task_runner.py:109} ERROR - Failed to execute job 210 for task load_orders ((psycopg2.ProgrammingError) can't adapt type 'numpy.int64'
[SQL: SELECT user_id FROM dds.users WHERE user_id IN %s]
[parameters: (2208, 1889, 2178, 4738, 1280, 3850, 2096, 3893, 4567, 3709)]
(Background on this error at: https://sqlalche.me/e/14/f405); 10919)
[2025-09-14T19:36:11.752+0000] {local_task_job_runner.py:225} INFO - Task exited with return code 1
[2025-09-14T19:36:11.816+0000] {taskinstance.py:2653} INFO - 0 downstream tasks scheduled from follow-on schedule check
