[2025-09-12T23:41:39.346+0000] {taskinstance.py:1103} INFO - Dependencies all met for dep_context=non-requeueable deps ti=<TaskInstance: init_dwh.init_schema manual__2025-09-12T23:41:24.841813+00:00 [queued]>
[2025-09-12T23:41:39.370+0000] {taskinstance.py:1103} INFO - Dependencies all met for dep_context=requeueable deps ti=<TaskInstance: init_dwh.init_schema manual__2025-09-12T23:41:24.841813+00:00 [queued]>
[2025-09-12T23:41:39.371+0000] {taskinstance.py:1308} INFO - Starting attempt 1 of 1
[2025-09-12T23:41:39.743+0000] {taskinstance.py:1327} INFO - Executing <Task(PostgresOperator): init_schema> on 2025-09-12 23:41:24.841813+00:00
[2025-09-12T23:41:39.939+0000] {standard_task_runner.py:57} INFO - Started process 332 to run task
[2025-09-12T23:41:40.076+0000] {standard_task_runner.py:84} INFO - Running: ['***', 'tasks', 'run', 'init_dwh', 'init_schema', 'manual__2025-09-12T23:41:24.841813+00:00', '--job-id', '179', '--raw', '--subdir', 'DAGS_FOLDER/init_dwh.py', '--cfg-path', '/tmp/tmppg9xh9y3']
[2025-09-12T23:41:40.094+0000] {standard_task_runner.py:85} INFO - Job 179: Subtask init_schema
[2025-09-12T23:41:40.285+0000] {logging_mixin.py:150} WARNING - /home/***/.local/lib/python3.7/site-packages/***/settings.py:195 DeprecationWarning: The sql_alchemy_conn option in [core] has been moved to the sql_alchemy_conn option in [database] - the old setting has been used, but please update your config.
[2025-09-12T23:41:40.781+0000] {task_command.py:410} INFO - Running <TaskInstance: init_dwh.init_schema manual__2025-09-12T23:41:24.841813+00:00 [running]> on host 7b2e4533a3f5
[2025-09-12T23:41:40.955+0000] {abstractoperator.py:598} ERROR - Exception rendering Jinja template for task 'init_schema', field 'sql'. Template: 'init_schema.sql'
Traceback (most recent call last):
  File "/home/airflow/.local/lib/python3.7/site-packages/airflow/models/abstractoperator.py", line 590, in _do_render_template_fields
    seen_oids,
  File "/home/airflow/.local/lib/python3.7/site-packages/airflow/template/templater.py", line 153, in render_template
    template = jinja_env.get_template(value)
  File "/home/airflow/.local/lib/python3.7/site-packages/jinja2/environment.py", line 1010, in get_template
    return self._load_template(name, globals)
  File "/home/airflow/.local/lib/python3.7/site-packages/jinja2/environment.py", line 969, in _load_template
    template = self.loader.load(self, name, self.make_globals(globals))
  File "/home/airflow/.local/lib/python3.7/site-packages/jinja2/loaders.py", line 126, in load
    source, filename, uptodate = self.get_source(environment, name)
  File "/home/airflow/.local/lib/python3.7/site-packages/jinja2/loaders.py", line 218, in get_source
    raise TemplateNotFound(template)
jinja2.exceptions.TemplateNotFound: init_schema.sql
[2025-09-12T23:41:40.963+0000] {taskinstance.py:1824} ERROR - Task failed with exception
Traceback (most recent call last):
  File "/home/airflow/.local/lib/python3.7/site-packages/airflow/models/taskinstance.py", line 1407, in _run_raw_task
    self._execute_task_with_callbacks(context, test_mode)
  File "/home/airflow/.local/lib/python3.7/site-packages/airflow/models/taskinstance.py", line 1531, in _execute_task_with_callbacks
    task_orig = self.render_templates(context=context)
  File "/home/airflow/.local/lib/python3.7/site-packages/airflow/models/taskinstance.py", line 2179, in render_templates
    original_task.render_template_fields(context)
  File "/home/airflow/.local/lib/python3.7/site-packages/airflow/models/baseoperator.py", line 1254, in render_template_fields
    self._do_render_template_fields(self, self.template_fields, context, jinja_env, set())
  File "/home/airflow/.local/lib/python3.7/site-packages/airflow/utils/session.py", line 76, in wrapper
    return func(*args, session=session, **kwargs)
  File "/home/airflow/.local/lib/python3.7/site-packages/airflow/models/abstractoperator.py", line 590, in _do_render_template_fields
    seen_oids,
  File "/home/airflow/.local/lib/python3.7/site-packages/airflow/template/templater.py", line 153, in render_template
    template = jinja_env.get_template(value)
  File "/home/airflow/.local/lib/python3.7/site-packages/jinja2/environment.py", line 1010, in get_template
    return self._load_template(name, globals)
  File "/home/airflow/.local/lib/python3.7/site-packages/jinja2/environment.py", line 969, in _load_template
    template = self.loader.load(self, name, self.make_globals(globals))
  File "/home/airflow/.local/lib/python3.7/site-packages/jinja2/loaders.py", line 126, in load
    source, filename, uptodate = self.get_source(environment, name)
  File "/home/airflow/.local/lib/python3.7/site-packages/jinja2/loaders.py", line 218, in get_source
    raise TemplateNotFound(template)
jinja2.exceptions.TemplateNotFound: init_schema.sql
[2025-09-12T23:41:41.017+0000] {taskinstance.py:1350} INFO - Marking task as FAILED. dag_id=init_dwh, task_id=init_schema, execution_date=20250912T234124, start_date=20250912T234139, end_date=20250912T234141
[2025-09-12T23:41:41.055+0000] {standard_task_runner.py:109} ERROR - Failed to execute job 179 for task init_schema (init_schema.sql; 332)
[2025-09-12T23:41:41.073+0000] {local_task_job_runner.py:225} INFO - Task exited with return code 1
[2025-09-12T23:41:41.139+0000] {taskinstance.py:2653} INFO - 0 downstream tasks scheduled from follow-on schedule check
